1631976933731	geckodriver	INFO	Listening on 127.0.0.1:49671
1631976934315	mozrunner::runner	INFO	Running command: "/Applications/Firefox.app/Contents/MacOS/firefox-bin" "--marionette" "-foreground" "-no-remote" "-profile" "/var/folders/nc/tw33gwhd2zggq4vw8x3tj7zw0000gn/T/rust_mozprofileOEP31T"
1631976938489	Marionette	INFO	Marionette enabled
2021-09-18 16:55:39.539 firefox-bin[53164:1039033] Warning: Expected min height of view: (<NSButton: 0x12d56ec00>) to be less than or equal to 30 but got a height of 32.000000. This error will be logged once per view in violation.
2021-09-18 16:55:39.540 firefox-bin[53164:1039033] Warning: Expected min height of view: (<NSButton: 0x12d574800>) to be less than or equal to 30 but got a height of 32.000000. This error will be logged once per view in violation.
2021-09-18 16:55:39.541 firefox-bin[53164:1039033] Warning: Expected min height of view: (<NSButton: 0x12d7c7000>) to be less than or equal to 30 but got a height of 32.000000. This error will be logged once per view in violation.
2021-09-18 16:55:39.542 firefox-bin[53164:1039033] Warning: Expected min height of view: (<NSButton: 0x12d7c3400>) to be less than or equal to 30 but got a height of 32.000000. This error will be logged once per view in violation.
2021-09-18 16:55:39.542 firefox-bin[53164:1039033] Warning: Expected min height of view: (<NSButton: 0x12d7c7c00>) to be less than or equal to 30 but got a height of 32.000000. This error will be logged once per view in violation.
2021-09-18 16:55:39.543 firefox-bin[53164:1039033] Warning: Expected min height of view: (<NSPopoverTouchBarItemButton: 0x12d7c4800>) to be less than or equal to 30 but got a height of 32.000000. This error will be logged once per view in violation.
2021-09-18 16:55:39.543 firefox-bin[53164:1039033] Warning: Expected min height of view: (<NSPopoverTouchBarItemButton: 0x12d7d1c00>) to be less than or equal to 30 but got a height of 32.000000. This error will be logged once per view in violation.
console.warn: SearchSettings: "get: No settings file exists, new profile?" (new NotFoundError("Could not open the file at /var/folders/nc/tw33gwhd2zggq4vw8x3tj7zw0000gn/T/rust_mozprofileOEP31T/search.json.mozlz4", (void 0)))
console.error: BackgroundUpdate: 
  _reasonsToNotScheduleUpdates: Failed to check for Maintenance Service Registry Key: [Exception... "Component returned failure code: 0x80004001 (NS_ERROR_NOT_IMPLEMENTED) [nsIUpdateProcessor.getServiceRegKeyExists]"  nsresult: "0x80004001 (NS_ERROR_NOT_IMPLEMENTED)"  location: "JS frame :: resource://gre/modules/BackgroundUpdate.jsm :: _reasonsToNotScheduleUpdates :: line 243"  data: no]
1631976941255	Marionette	INFO	Listening on port 49683
1631976941337	RemoteAgent	WARN	TLS certificate errors will be ignored for this session
1631976960433	Marionette	INFO	Stopped listening on port 49683
JavaScript error: resource:///modules/Interactions.jsm, line 230: NS_ERROR_FAILURE: Component returned failure code: 0x80004005 (NS_ERROR_FAILURE) [nsIUserIdleService.removeIdleObserver]
1631976969652	geckodriver	INFO	Listening on 127.0.0.1:49799
1631976969662	mozrunner::runner	INFO	Running command: "/Applications/Firefox.app/Contents/MacOS/firefox-bin" "--marionette" "-foreground" "-no-remote" "-profile" "/var/folders/nc/tw33gwhd2zggq4vw8x3tj7zw0000gn/T/rust_mozprofileLJ4YiP"
1631976970221	Marionette	INFO	Marionette enabled
2021-09-18 16:56:11.046 firefox-bin[53293:1040004] Warning: Expected min height of view: (<NSButton: 0x11d99c800>) to be less than or equal to 30 but got a height of 32.000000. This error will be logged once per view in violation.
2021-09-18 16:56:11.046 firefox-bin[53293:1040004] Warning: Expected min height of view: (<NSButton: 0x12928ec00>) to be less than or equal to 30 but got a height of 32.000000. This error will be logged once per view in violation.
2021-09-18 16:56:11.047 firefox-bin[53293:1040004] Warning: Expected min height of view: (<NSButton: 0x12928f000>) to be less than or equal to 30 but got a height of 32.000000. This error will be logged once per view in violation.
2021-09-18 16:56:11.047 firefox-bin[53293:1040004] Warning: Expected min height of view: (<NSButton: 0x12928f400>) to be less than or equal to 30 but got a height of 32.000000. This error will be logged once per view in violation.
2021-09-18 16:56:11.048 firefox-bin[53293:1040004] Warning: Expected min height of view: (<NSButton: 0x12928fc00>) to be less than or equal to 30 but got a height of 32.000000. This error will be logged once per view in violation.
2021-09-18 16:56:11.050 firefox-bin[53293:1040004] Warning: Expected min height of view: (<NSPopoverTouchBarItemButton: 0x129292800>) to be less than or equal to 30 but got a height of 32.000000. This error will be logged once per view in violation.
2021-09-18 16:56:11.051 firefox-bin[53293:1040004] Warning: Expected min height of view: (<NSPopoverTouchBarItemButton: 0x1293d5c00>) to be less than or equal to 30 but got a height of 32.000000. This error will be logged once per view in violation.
console.warn: SearchSettings: "get: No settings file exists, new profile?" (new NotFoundError("Could not open the file at /var/folders/nc/tw33gwhd2zggq4vw8x3tj7zw0000gn/T/rust_mozprofileLJ4YiP/search.json.mozlz4", (void 0)))
console.error: BackgroundUpdate: 
  _reasonsToNotScheduleUpdates: Failed to check for Maintenance Service Registry Key: [Exception... "Component returned failure code: 0x80004001 (NS_ERROR_NOT_IMPLEMENTED) [nsIUpdateProcessor.getServiceRegKeyExists]"  nsresult: "0x80004001 (NS_ERROR_NOT_IMPLEMENTED)"  location: "JS frame :: resource://gre/modules/BackgroundUpdate.jsm :: _reasonsToNotScheduleUpdates :: line 243"  data: no]
1631976972558	Marionette	INFO	Listening on port 49808
1631976972590	RemoteAgent	WARN	TLS certificate errors will be ignored for this session
1631977082898	geckodriver	INFO	Listening on 127.0.0.1:49894
1631977082908	mozrunner::runner	INFO	Running command: "/Applications/Firefox.app/Contents/MacOS/firefox-bin" "--marionette" "-foreground" "-no-remote" "-profile" "/var/folders/nc/tw33gwhd2zggq4vw8x3tj7zw0000gn/T/rust_mozprofileg7DC5g"
1631977083411	Marionette	INFO	Marionette enabled
2021-09-18 16:58:04.336 firefox-bin[53424:1041258] Warning: Expected min height of view: (<NSButton: 0x1217d0c00>) to be less than or equal to 30 but got a height of 32.000000. This error will be logged once per view in violation.
2021-09-18 16:58:04.336 firefox-bin[53424:1041258] Warning: Expected min height of view: (<NSButton: 0x12e3c1000>) to be less than or equal to 30 but got a height of 32.000000. This error will be logged once per view in violation.
2021-09-18 16:58:04.337 firefox-bin[53424:1041258] Warning: Expected min height of view: (<NSButton: 0x12e3c2800>) to be less than or equal to 30 but got a height of 32.000000. This error will be logged once per view in violation.
2021-09-18 16:58:04.338 firefox-bin[53424:1041258] Warning: Expected min height of view: (<NSButton: 0x12e3bdc00>) to be less than or equal to 30 but got a height of 32.000000. This error will be logged once per view in violation.
2021-09-18 16:58:04.339 firefox-bin[53424:1041258] Warning: Expected min height of view: (<NSButton: 0x12e3bb400>) to be less than or equal to 30 but got a height of 32.000000. This error will be logged once per view in violation.
2021-09-18 16:58:04.340 firefox-bin[53424:1041258] Warning: Expected min height of view: (<NSPopoverTouchBarItemButton: 0x12e3c1400>) to be less than or equal to 30 but got a height of 32.000000. This error will be logged once per view in violation.
2021-09-18 16:58:04.341 firefox-bin[53424:1041258] Warning: Expected min height of view: (<NSPopoverTouchBarItemButton: 0x12e3ca800>) to be less than or equal to 30 but got a height of 32.000000. This error will be logged once per view in violation.
console.warn: SearchSettings: "get: No settings file exists, new profile?" (new NotFoundError("Could not open the file at /var/folders/nc/tw33gwhd2zggq4vw8x3tj7zw0000gn/T/rust_mozprofileg7DC5g/search.json.mozlz4", (void 0)))
console.error: BackgroundUpdate: 
  _reasonsToNotScheduleUpdates: Failed to check for Maintenance Service Registry Key: [Exception... "Component returned failure code: 0x80004001 (NS_ERROR_NOT_IMPLEMENTED) [nsIUpdateProcessor.getServiceRegKeyExists]"  nsresult: "0x80004001 (NS_ERROR_NOT_IMPLEMENTED)"  location: "JS frame :: resource://gre/modules/BackgroundUpdate.jsm :: _reasonsToNotScheduleUpdates :: line 243"  data: no]
1631977085687	Marionette	INFO	Listening on port 49899
1631977085803	RemoteAgent	WARN	TLS certificate errors will be ignored for this session
1631977087740	Marionette	INFO	Stopped listening on port 49899
JavaScript error: resource:///modules/Interactions.jsm, line 230: NS_ERROR_FAILURE: Component returned failure code: 0x80004005 (NS_ERROR_FAILURE) [nsIUserIdleService.removeIdleObserver]
1631977090535	Marionette	INFO	Stopped listening on port 49808
JavaScript error: resource:///modules/Interactions.jsm, line 230: NS_ERROR_FAILURE: Component returned failure code: 0x80004005 (NS_ERROR_FAILURE) [nsIUserIdleService.removeIdleObserver]

###!!! [Parent][RunMessage] Error: Channel closing: too late to send/recv, messages will be lost

